<?xml version="1.0" encoding="UTF-8"?>
<!-- Generated by org.testng.reporters.JUnitXMLReporter -->
<testsuite ignored="0" hostname="Arshlan" failures="1" tests="1" name="LoginTests" time="9.795" errors="0" timestamp="2025-03-03T16:53:35 IST">
  <testcase classname="tests.LoginTest" name="testValidLogin" time="1.294">
    <failure type="java.lang.AssertionError" message="expected [Login] but found [Just a moment...]">
      <![CDATA[java.lang.AssertionError: expected [Login] but found [Just a moment...]
at tests.LoginTest.testValidLogin(LoginTest.java:19)
at java.base/java.util.ArrayList.forEach(ArrayList.java:1597)
... Removed 31 stack frames]]>
    </failure>
  </testcase> <!-- testValidLogin -->
</testsuite> <!-- LoginTests -->
